# JRE version: OpenJDK Runtime Environment (8.0_152-b01) (build 1.8.0_152-release-1024-b01)
# Java VM: OpenJDK 64-Bit Server VM (25.152-b01 mixed mode linux-amd64 compressed oops)
Heap:
 PSYoungGen      total 60928K, used 4580K [0x00000000e0000000, 0x00000000e4000000, 0x0000000100000000)
  eden space 56320K, 0% used [0x00000000e0000000,0x00000000e0000000,0x00000000e3700000)
  from space 4608K, 99% used [0x00000000e3700000,0x00000000e3b79080,0x00000000e3b80000)
  to   space 4608K, 0% used [0x00000000e3b80000,0x00000000e3b80000,0x00000000e4000000)
 ParOldGen       total 75264K, used 10090K [0x00000000a0000000, 0x00000000a4980000, 0x00000000e0000000)
  object space 75264K, 13% used [0x00000000a0000000,0x00000000a09daa50,0x00000000a4980000)
 Metaspace       used 20619K, capacity 20980K, committed 21248K, reserved 1067008K
  class space    used 2868K, capacity 3006K, committed 3072K, reserved 1048576K
GC Heap History (9 events):
Event: 0.693 GC heap before
{Heap before GC invocations=1 (full 0):
 PSYoungGen      total 32768K, used 28160K [0x00000000e0000000, 0x00000000e2480000, 0x0000000100000000)
  eden space 28160K, 100% used [0x00000000e0000000,0x00000000e1b80000,0x00000000e1b80000)
  from space 4608K, 0% used [0x00000000e2000000,0x00000000e2000000,0x00000000e2480000)
  to   space 4608K, 0% used [0x00000000e1b80000,0x00000000e1b80000,0x00000000e2000000)
 ParOldGen       total 75264K, used 0K [0x00000000a0000000, 0x00000000a4980000, 0x00000000e0000000)
  object space 75264K, 0% used [0x00000000a0000000,0x00000000a0000000,0x00000000a4980000)
 Metaspace       used 6467K, capacity 6638K, committed 6784K, reserved 1056768K
  class space    used 794K, capacity 875K, committed 896K, reserved 1048576K
Event: 0.700 GC heap after
Heap after GC invocations=1 (full 0):
 PSYoungGen      total 32768K, used 4001K [0x00000000e0000000, 0x00000000e2480000, 0x0000000100000000)
  eden space 28160K, 0% used [0x00000000e0000000,0x00000000e0000000,0x00000000e1b80000)
  from space 4608K, 86% used [0x00000000e1b80000,0x00000000e1f685f0,0x00000000e2000000)
  to   space 4608K, 0% used [0x00000000e2000000,0x00000000e2000000,0x00000000e2480000)
 ParOldGen       total 75264K, used 8K [0x00000000a0000000, 0x00000000a4980000, 0x00000000e0000000)
  object space 75264K, 0% used [0x00000000a0000000,0x00000000a0002000,0x00000000a4980000)
 Metaspace       used 6467K, capacity 6638K, committed 6784K, reserved 1056768K
  class space    used 794K, capacity 875K, committed 896K, reserved 1048576K
}
Event: 1.101 GC heap before
{Heap before GC invocations=2 (full 0):
 PSYoungGen      total 32768K, used 32161K [0x00000000e0000000, 0x00000000e2480000, 0x0000000100000000)
  eden space 28160K, 100% used [0x00000000e0000000,0x00000000e1b80000,0x00000000e1b80000)
  from space 4608K, 86% used [0x00000000e1b80000,0x00000000e1f685f0,0x00000000e2000000)
  to   space 4608K, 0% used [0x00000000e2000000,0x00000000e2000000,0x00000000e2480000)
 ParOldGen       total 75264K, used 8K [0x00000000a0000000, 0x00000000a4980000, 0x00000000e0000000)
  object space 75264K, 0% used [0x00000000a0000000,0x00000000a0002000,0x00000000a4980000)
 Metaspace       used 9252K, capacity 9474K, committed 9600K, reserved 1056768K
  class space    used 1234K, capacity 1325K, committed 1408K, reserved 1048576K
Event: 1.106 GC heap after
Heap after GC invocations=2 (full 0):
 PSYoungGen      total 32768K, used 4495K [0x00000000e0000000, 0x00000000e4000000, 0x0000000100000000)
  eden space 28160K, 0% used [0x00000000e0000000,0x00000000e0000000,0x00000000e1b80000)
  from space 4608K, 97% used [0x00000000e2000000,0x00000000e2463d28,0x00000000e2480000)
  to   space 4608K, 0% used [0x00000000e1b80000,0x00000000e1b80000,0x00000000e2000000)
 ParOldGen       total 75264K, used 16K [0x00000000a0000000, 0x00000000a4980000, 0x00000000e0000000)
  object space 75264K, 0% used [0x00000000a0000000,0x00000000a0004000,0x00000000a4980000)
 Metaspace       used 9252K, capacity 9474K, committed 9600K, reserved 1056768K
  class space    used 1234K, capacity 1325K, committed 1408K, reserved 1048576K
}
Event: 1.491 GC heap before
{Heap before GC invocations=3 (full 0):
 PSYoungGen      total 32768K, used 32655K [0x00000000e0000000, 0x00000000e4000000, 0x0000000100000000)
  eden space 28160K, 100% used [0x00000000e0000000,0x00000000e1b80000,0x00000000e1b80000)
  from space 4608K, 97% used [0x00000000e2000000,0x00000000e2463d28,0x00000000e2480000)
  to   space 4608K, 0% used [0x00000000e1b80000,0x00000000e1b80000,0x00000000e2000000)
 ParOldGen       total 75264K, used 16K [0x00000000a0000000, 0x00000000a4980000, 0x00000000e0000000)
  object space 75264K, 0% used [0x00000000a0000000,0x00000000a0004000,0x00000000a4980000)
 Metaspace       used 12773K, capacity 13136K, committed 13440K, reserved 1060864K
  class space    used 1772K, capacity 1896K, committed 1920K, reserved 1048576K
Event: 1.496 GC heap after
Heap after GC invocations=3 (full 0):
 PSYoungGen      total 32768K, used 4576K [0x00000000e0000000, 0x00000000e4000000, 0x0000000100000000)
  eden space 28160K, 0% used [0x00000000e0000000,0x00000000e0000000,0x00000000e1b80000)
  from space 4608K, 99% used [0x00000000e1b80000,0x00000000e1ff8050,0x00000000e2000000)
  to   space 4608K, 0% used [0x00000000e3b80000,0x00000000e3b80000,0x00000000e4000000)
 ParOldGen       total 75264K, used 1548K [0x00000000a0000000, 0x00000000a4980000, 0x00000000e0000000)
  object space 75264K, 2% used [0x00000000a0000000,0x00000000a01832c8,0x00000000a4980000)
 Metaspace       used 12773K, capacity 13136K, committed 13440K, reserved 1060864K
  class space    used 1772K, capacity 1896K, committed 1920K, reserved 1048576K
}
Event: 1.796 GC heap before
{Heap before GC invocations=4 (full 0):
 PSYoungGen      total 32768K, used 32736K [0x00000000e0000000, 0x00000000e4000000, 0x0000000100000000)
  eden space 28160K, 100% used [0x00000000e0000000,0x00000000e1b80000,0x00000000e1b80000)
  from space 4608K, 99% used [0x00000000e1b80000,0x00000000e1ff8050,0x00000000e2000000)
  to   space 4608K, 0% used [0x00000000e3b80000,0x00000000e3b80000,0x00000000e4000000)
 ParOldGen       total 75264K, used 1548K [0x00000000a0000000, 0x00000000a4980000, 0x00000000e0000000)
  object space 75264K, 2% used [0x00000000a0000000,0x00000000a01832c8,0x00000000a4980000)
 Metaspace       used 15545K, capacity 15860K, committed 16000K, reserved 1062912K
  class space    used 2236K, capacity 2378K, committed 2432K, reserved 1048576K
Event: 1.803 GC heap after
Heap after GC invocations=4 (full 0):
 PSYoungGen      total 60928K, used 4592K [0x00000000e0000000, 0x00000000e4000000, 0x0000000100000000)
  eden space 56320K, 0% used [0x00000000e0000000,0x00000000e0000000,0x00000000e3700000)
  from space 4608K, 99% used [0x00000000e3b80000,0x00000000e3ffc040,0x00000000e4000000)
  to   space 4608K, 0% used [0x00000000e3700000,0x00000000e3700000,0x00000000e3b80000)
 ParOldGen       total 75264K, used 4585K [0x00000000a0000000, 0x00000000a4980000, 0x00000000e0000000)
  object space 75264K, 6% used [0x00000000a0000000,0x00000000a047a4e0,0x00000000a4980000)
 Metaspace       used 15545K, capacity 15860K, committed 16000K, reserved 1062912K
  class space    used 2236K, capacity 2378K, committed 2432K, reserved 1048576K
}
Event: 6.191 GC heap before
{Heap before GC invocations=5 (full 0):
 PSYoungGen      total 60928K, used 41273K [0x00000000e0000000, 0x00000000e4000000, 0x0000000100000000)
  eden space 56320K, 65% used [0x00000000e0000000,0x00000000e23d2558,0x00000000e3700000)
  from space 4608K, 99% used [0x00000000e3b80000,0x00000000e3ffc040,0x00000000e4000000)
  to   space 4608K, 0% used [0x00000000e3700000,0x00000000e3700000,0x00000000e3b80000)
 ParOldGen       total 75264K, used 4585K [0x00000000a0000000, 0x00000000a4980000, 0x00000000e0000000)
  object space 75264K, 6% used [0x00000000a0000000,0x00000000a047a4e0,0x00000000a4980000)
 Metaspace       used 20619K, capacity 20980K, committed 21248K, reserved 1067008K
  class space    used 2868K, capacity 3006K, committed 3072K, reserved 1048576K

