# JRE version: OpenJDK Runtime Environment (8.0_152-b01) (build 1.8.0_152-release-1024-b01)
# Java VM: OpenJDK 64-Bit Server VM (25.152-b01 mixed mode linux-amd64 compressed oops)
Heap:
 PSYoungGen      total 60928K, used 4592K [0x00000000e0000000, 0x00000000e4000000, 0x0000000100000000)
  eden space 56320K, 0% used [0x00000000e0000000,0x00000000e0000000,0x00000000e3700000)
  from space 4608K, 99% used [0x00000000e3700000,0x00000000e3b7c080,0x00000000e3b80000)
  to   space 4608K, 0% used [0x00000000e3b80000,0x00000000e3b80000,0x00000000e4000000)
 ParOldGen       total 75264K, used 4969K [0x00000000a0000000, 0x00000000a4980000, 0x00000000e0000000)
  object space 75264K, 6% used [0x00000000a0000000,0x00000000a04da710,0x00000000a4980000)
 Metaspace       used 15478K, capacity 15796K, committed 16000K, reserved 1062912K
  class space    used 2216K, capacity 2314K, committed 2432K, reserved 1048576K
GC Heap History (5 events):
Event: 0.892 GC heap before
{Heap before GC invocations=1 (full 0):
 PSYoungGen      total 32768K, used 28160K [0x00000000e0000000, 0x00000000e2480000, 0x0000000100000000)
  eden space 28160K, 100% used [0x00000000e0000000,0x00000000e1b80000,0x00000000e1b80000)
  from space 4608K, 0% used [0x00000000e2000000,0x00000000e2000000,0x00000000e2480000)
  to   space 4608K, 0% used [0x00000000e1b80000,0x00000000e1b80000,0x00000000e2000000)
 ParOldGen       total 75264K, used 0K [0x00000000a0000000, 0x00000000a4980000, 0x00000000e0000000)
  object space 75264K, 0% used [0x00000000a0000000,0x00000000a0000000,0x00000000a4980000)
 Metaspace       used 6468K, capacity 6638K, committed 6784K, reserved 1056768K
  class space    used 794K, capacity 875K, committed 896K, reserved 1048576K
Event: 0.916 GC heap after
Heap after GC invocations=1 (full 0):
 PSYoungGen      total 32768K, used 4061K [0x00000000e0000000, 0x00000000e4000000, 0x0000000100000000)
  eden space 28160K, 0% used [0x00000000e0000000,0x00000000e0000000,0x00000000e1b80000)
  from space 4608K, 88% used [0x00000000e1b80000,0x00000000e1f775a8,0x00000000e2000000)
  to   space 4608K, 0% used [0x00000000e3b80000,0x00000000e3b80000,0x00000000e4000000)
 ParOldGen       total 75264K, used 8K [0x00000000a0000000, 0x00000000a4980000, 0x00000000e0000000)
  object space 75264K, 0% used [0x00000000a0000000,0x00000000a0002000,0x00000000a4980000)
 Metaspace       used 6468K, capacity 6638K, committed 6784K, reserved 1056768K
  class space    used 794K, capacity 875K, committed 896K, reserved 1048576K
}
Event: 2.038 GC heap before
{Heap before GC invocations=2 (full 0):
 PSYoungGen      total 32768K, used 32221K [0x00000000e0000000, 0x00000000e4000000, 0x0000000100000000)
  eden space 28160K, 100% used [0x00000000e0000000,0x00000000e1b80000,0x00000000e1b80000)
  from space 4608K, 88% used [0x00000000e1b80000,0x00000000e1f775a8,0x00000000e2000000)
  to   space 4608K, 0% used [0x00000000e3b80000,0x00000000e3b80000,0x00000000e4000000)
 ParOldGen       total 75264K, used 8K [0x00000000a0000000, 0x00000000a4980000, 0x00000000e0000000)
  object space 75264K, 0% used [0x00000000a0000000,0x00000000a0002000,0x00000000a4980000)
 Metaspace       used 9252K, capacity 9538K, committed 9856K, reserved 1058816K
  class space    used 1235K, capacity 1325K, committed 1408K, reserved 1048576K
Event: 2.046 GC heap after
Heap after GC invocations=2 (full 0):
 PSYoungGen      total 60928K, used 4468K [0x00000000e0000000, 0x00000000e4000000, 0x0000000100000000)
  eden space 56320K, 0% used [0x00000000e0000000,0x00000000e0000000,0x00000000e3700000)
  from space 4608K, 96% used [0x00000000e3b80000,0x00000000e3fdd378,0x00000000e4000000)
  to   space 4608K, 0% used [0x00000000e3700000,0x00000000e3700000,0x00000000e3b80000)
 ParOldGen       total 75264K, used 16K [0x00000000a0000000, 0x00000000a4980000, 0x00000000e0000000)
  object space 75264K, 0% used [0x00000000a0000000,0x00000000a0004000,0x00000000a4980000)
 Metaspace       used 9252K, capacity 9538K, committed 9856K, reserved 1058816K
  class space    used 1235K, capacity 1325K, committed 1408K, reserved 1048576K
}
Event: 22.578 GC heap before
{Heap before GC invocations=3 (full 0):
 PSYoungGen      total 60928K, used 60788K [0x00000000e0000000, 0x00000000e4000000, 0x0000000100000000)
  eden space 56320K, 100% used [0x00000000e0000000,0x00000000e3700000,0x00000000e3700000)
  from space 4608K, 96% used [0x00000000e3b80000,0x00000000e3fdd378,0x00000000e4000000)
  to   space 4608K, 0% used [0x00000000e3700000,0x00000000e3700000,0x00000000e3b80000)
 ParOldGen       total 75264K, used 16K [0x00000000a0000000, 0x00000000a4980000, 0x00000000e0000000)
  object space 75264K, 0% used [0x00000000a0000000,0x00000000a0004000,0x00000000a4980000)
 Metaspace       used 15478K, capacity 15796K, committed 16000K, reserved 1062912K
  class space    used 2216K, capacity 2314K, committed 2432K, reserved 1048576K

